mode: set
HW1/cmd/order/main.go:10.13,13.16 2 0
HW1/cmd/order/main.go:13.16,15.3 1 0
HW1/cmd/order/main.go:17.2,20.11 3 0
HW1/cmd/pvz/main.go:11.13,13.16 2 0
HW1/cmd/pvz/main.go:13.16,15.3 1 0
HW1/cmd/pvz/main.go:16.2,16.15 1 0
HW1/cmd/pvz/main.go:16.15,18.17 2 0
HW1/cmd/pvz/main.go:18.17,20.4 1 0
HW1/cmd/pvz/main.go:23.2,34.12 8 0
HW1/cmd/pvz/main.go:34.12,37.3 2 0
HW1/cmd/pvz/main.go:39.2,39.12 1 0
HW1/cmd/pvz/main.go:39.12,42.3 2 0
HW1/cmd/pvz/main.go:44.2,44.12 1 0
HW1/cmd/pvz/main.go:44.12,47.3 2 0
HW1/cmd/pvz/main.go:49.2,49.12 1 0
HW1/cmd/pvz/main.go:49.12,52.3 2 0
HW1/cmd/pvz/main.go:53.2,53.11 1 0
HW1/cmd/pvzbd/main.go:21.13,24.16 2 0
HW1/cmd/pvzbd/main.go:24.16,26.3 1 0
HW1/cmd/pvzbd/main.go:27.2,39.16 5 0
HW1/cmd/pvzbd/main.go:39.16,41.3 1 0
HW1/cmd/pvzbd/main.go:42.2,48.17 5 0
HW1/cmd/pvzbd/main.go:51.46,56.106 4 0
HW1/cmd/pvzbd/main.go:56.106,58.3 1 0
HW1/cmd/pvzbd/main.go:61.22,62.85 1 0
HW1/cmd/pvzbd/main.go:62.85,68.32 4 0
HW1/cmd/pvzbd/main.go:68.32,70.4 1 0
HW1/cmd/pvzbd/main.go:71.3,71.62 1 0
HW1/cmd/pvzbd/main.go:74.2,75.75 2 0
HW1/cmd/pvzbd/main.go:75.75,77.3 1 0
HW1/internal/service/orderserv/service.go:23.73,24.14 1 0
HW1/internal/service/orderserv/service.go:25.18,26.26 1 0
HW1/internal/service/orderserv/service.go:27.21,28.29 1 0
HW1/internal/service/orderserv/service.go:29.19,30.27 1 0
HW1/internal/service/orderserv/service.go:31.10,32.74 1 0
HW1/internal/service/orderserv/service.go:36.30,38.2 1 0
HW1/internal/service/orderserv/service.go:40.92,41.42 1 0
HW1/internal/service/orderserv/service.go:41.42,43.3 1 0
HW1/internal/service/orderserv/service.go:44.2,47.16 3 0
HW1/internal/service/orderserv/service.go:47.16,49.3 1 0
HW1/internal/service/orderserv/service.go:51.2,51.43 1 0
HW1/internal/service/orderserv/service.go:51.43,53.3 1 0
HW1/internal/service/orderserv/service.go:55.2,56.32 2 0
HW1/internal/service/orderserv/service.go:59.58,61.16 2 0
HW1/internal/service/orderserv/service.go:61.16,63.3 1 0
HW1/internal/service/orderserv/service.go:64.2,64.18 1 0
HW1/internal/service/orderserv/service.go:64.18,66.3 1 0
HW1/internal/service/orderserv/service.go:67.2,67.31 1 0
HW1/internal/service/orderserv/service.go:67.31,68.96 1 0
HW1/internal/service/orderserv/service.go:68.96,71.4 1 0
HW1/internal/service/orderserv/service.go:73.2,73.64 1 0
HW1/internal/service/orderserv/service.go:76.59,79.16 3 0
HW1/internal/service/orderserv/service.go:79.16,81.3 1 0
HW1/internal/service/orderserv/service.go:82.2,83.33 2 0
HW1/internal/service/orderserv/service.go:83.33,85.3 1 0
HW1/internal/service/orderserv/service.go:87.2,88.34 2 0
HW1/internal/service/orderserv/service.go:88.34,90.52 2 0
HW1/internal/service/orderserv/service.go:90.52,91.25 1 0
HW1/internal/service/orderserv/service.go:91.25,94.5 2 0
HW1/internal/service/orderserv/service.go:94.10,94.48 1 0
HW1/internal/service/orderserv/service.go:94.48,96.5 1 0
HW1/internal/service/orderserv/service.go:96.10,98.5 1 0
HW1/internal/service/orderserv/service.go:99.9,101.4 1 0
HW1/internal/service/orderserv/service.go:104.2,104.41 1 0
HW1/internal/service/orderserv/service.go:107.102,109.16 2 0
HW1/internal/service/orderserv/service.go:109.16,111.3 1 0
HW1/internal/service/orderserv/service.go:113.2,116.39 3 0
HW1/internal/service/orderserv/service.go:116.39,117.28 1 0
HW1/internal/service/orderserv/service.go:118.12,119.19 1 0
HW1/internal/service/orderserv/service.go:120.13,121.13 1 0
HW1/internal/service/orderserv/service.go:122.11,123.107 1 0
HW1/internal/service/orderserv/service.go:127.2,127.50 1 0
HW1/internal/service/orderserv/service.go:127.50,130.32 3 0
HW1/internal/service/orderserv/service.go:130.32,131.34 1 0
HW1/internal/service/orderserv/service.go:131.34,134.5 2 0
HW1/internal/service/orderserv/service.go:136.3,136.26 1 0
HW1/internal/service/orderserv/service.go:136.26,139.4 1 0
HW1/internal/service/orderserv/service.go:140.3,140.39 1 0
HW1/internal/service/orderserv/service.go:143.2,143.11 1 0
HW1/internal/service/orderserv/service.go:143.11,145.32 2 0
HW1/internal/service/orderserv/service.go:145.32,146.75 1 0
HW1/internal/service/orderserv/service.go:146.75,148.5 1 0
HW1/internal/service/orderserv/service.go:150.3,150.24 1 0
HW1/internal/service/orderserv/service.go:152.2,152.20 1 0
HW1/internal/service/orderserv/service.go:155.74,156.35 1 0
HW1/internal/service/orderserv/service.go:156.35,158.3 1 0
HW1/internal/service/orderserv/service.go:159.2,160.16 2 0
HW1/internal/service/orderserv/service.go:160.16,162.3 1 0
HW1/internal/service/orderserv/service.go:163.2,163.31 1 0
HW1/internal/service/orderserv/service.go:163.31,164.152 1 0
HW1/internal/service/orderserv/service.go:164.152,166.4 1 0
HW1/internal/service/orderserv/service.go:168.2,168.136 1 0
HW1/internal/service/orderserv/service.go:171.95,173.16 2 0
HW1/internal/service/orderserv/service.go:173.16,175.3 1 0
HW1/internal/service/orderserv/service.go:176.2,177.28 2 0
HW1/internal/service/orderserv/service.go:177.28,178.23 1 0
HW1/internal/service/orderserv/service.go:178.23,180.4 1 0
HW1/internal/service/orderserv/service.go:182.2,182.38 1 0
HW1/internal/service/orderserv/service.go:182.38,184.3 1 0
HW1/internal/service/orderserv/service.go:185.2,185.82 1 0
HW1/internal/service/orderserv/service.go:185.82,187.3 1 0
HW1/internal/service/orderserv/service.go:189.2,189.70 1 0
HW1/internal/service/orderserv/wrapperstruct.go:5.38,7.2 1 0
HW1/internal/service/orderserv/wrapperstruct.go:9.49,11.2 1 0
HW1/internal/service/orderserv/wrapperstruct.go:15.35,17.2 1 0
HW1/internal/service/orderserv/wrapperstruct.go:19.46,21.2 1 0
HW1/internal/service/orderserv/wrapperstruct.go:25.36,27.2 1 0
HW1/internal/service/orderserv/wrapperstruct.go:29.47,31.2 1 0
HW1/api/api.go:35.54,38.75 3 1
HW1/api/api.go:38.75,39.21 1 0
HW1/api/api.go:40.24,41.35 1 0
HW1/api/api.go:42.11,43.24 1 0
HW1/api/api.go:46.2,46.115 1 1
HW1/api/api.go:46.115,47.21 1 1
HW1/api/api.go:48.23,49.36 1 0
HW1/api/api.go:50.26,51.35 1 1
HW1/api/api.go:52.23,53.35 1 1
HW1/api/api.go:54.11,55.24 1 0
HW1/api/api.go:58.2,58.15 1 1
HW1/api/api.go:61.71,64.16 3 1
HW1/api/api.go:64.16,68.3 2 0
HW1/api/api.go:69.2,72.50 3 1
HW1/api/api.go:72.50,76.3 2 1
HW1/api/api.go:78.2,84.16 3 1
HW1/api/api.go:84.16,88.3 2 1
HW1/api/api.go:90.2,97.18 3 1
HW1/api/api.go:101.72,103.9 2 0
HW1/api/api.go:103.9,106.3 2 0
HW1/api/api.go:107.2,108.16 2 0
HW1/api/api.go:108.16,111.3 2 0
HW1/api/api.go:113.2,116.18 3 0
HW1/api/api.go:119.38,120.14 1 1
HW1/api/api.go:120.14,122.3 1 1
HW1/api/api.go:123.2,123.13 1 1
HW1/api/api.go:126.69,128.16 2 1
HW1/api/api.go:128.16,129.51 1 0
HW1/api/api.go:129.51,131.4 1 0
HW1/api/api.go:132.3,132.45 1 0
HW1/api/api.go:134.2,136.31 2 1
HW1/api/api.go:140.71,142.9 2 1
HW1/api/api.go:142.9,145.3 2 0
HW1/api/api.go:146.2,147.16 2 1
HW1/api/api.go:147.16,150.3 2 0
HW1/api/api.go:152.2,153.16 2 1
HW1/api/api.go:153.16,156.3 2 0
HW1/api/api.go:157.2,160.50 3 1
HW1/api/api.go:160.50,165.3 2 0
HW1/api/api.go:167.2,173.73 2 1
HW1/api/api.go:173.73,176.3 2 0
HW1/api/api.go:178.2,179.18 2 1
HW1/api/api.go:182.71,184.9 2 1
HW1/api/api.go:184.9,187.3 2 0
HW1/api/api.go:188.2,189.16 2 1
HW1/api/api.go:189.16,192.3 2 0
HW1/api/api.go:194.2,194.61 1 1
HW1/api/api.go:194.61,197.3 2 0
HW1/api/api.go:199.2,200.41 2 1
HW1/api/auth.go:9.53,11.14 2 1
HW1/api/auth.go:11.14,13.3 1 0
HW1/api/auth.go:14.2,14.88 1 1
HW1/api/auth.go:14.88,16.3 1 1
HW1/api/auth.go:17.2,17.14 1 0
HW1/api/loggingmiddleware.go:12.56,13.71 1 1
HW1/api/loggingmiddleware.go:13.71,15.97 2 1
HW1/api/loggingmiddleware.go:15.97,17.18 2 1
HW1/api/loggingmiddleware.go:17.18,21.5 3 0
HW1/api/loggingmiddleware.go:22.4,23.84 2 1
HW1/api/loggingmiddleware.go:26.3,28.92 2 1
HW1/api/middleware.go:11.48,12.73 1 1
HW1/api/middleware.go:12.73,14.39 2 1
HW1/api/middleware.go:14.39,17.4 2 1
HW1/api/middleware.go:17.9,20.4 2 0
HW1/api/middleware.go:22.3,22.25 1 1
HW1/internal/storage/repository/mocks/repository.go:32.59,36.2 3 1
HW1/internal/storage/repository/mocks/repository.go:39.57,41.2 1 1
HW1/internal/storage/repository/mocks/repository.go:44.84,50.2 5 1
HW1/internal/storage/repository/mocks/repository.go:53.67,56.2 2 1
HW1/internal/storage/repository/mocks/repository.go:59.67,64.2 4 1
HW1/internal/storage/repository/mocks/repository.go:67.69,70.2 2 1
HW1/internal/storage/repository/mocks/repository.go:73.87,79.2 5 1
HW1/internal/storage/repository/mocks/repository.go:82.70,85.2 2 1
HW1/internal/storage/repository/mocks/repository.go:88.88,93.2 4 1
HW1/internal/storage/repository/mocks/repository.go:96.74,99.2 2 1
HW1/tests/fixtures/pvz.go:12.24,14.2 1 1
HW1/tests/fixtures/pvz.go:16.46,19.2 2 1
HW1/tests/fixtures/pvz.go:21.50,24.2 2 1
HW1/tests/fixtures/pvz.go:26.52,29.2 2 1
HW1/tests/fixtures/pvz.go:31.52,34.2 2 1
HW1/tests/fixtures/pvz.go:36.42,38.2 1 1
HW1/tests/fixtures/pvz.go:40.41,42.2 1 0
HW1/tests/fixtures/pvz.go:44.42,46.2 1 1
HW1/internal/service/pvz/service.go:19.30,21.2 1 1
HW1/internal/service/pvz/service.go:23.49,25.2 1 1
HW1/internal/service/pvz/service.go:27.60,29.16 2 1
HW1/internal/service/pvz/service.go:29.16,31.3 1 0
HW1/internal/service/pvz/service.go:33.2,33.18 1 1
HW1/internal/service/pvz/service.go:36.43,37.26 1 0
HW1/internal/service/pvz/service.go:37.26,39.3 1 0
HW1/internal/storage/order/storage.go:20.29,22.16 2 0
HW1/internal/storage/order/storage.go:22.16,24.3 1 0
HW1/internal/storage/order/storage.go:26.2,31.16 3 0
HW1/internal/storage/order/storage.go:31.16,33.3 1 0
HW1/internal/storage/order/storage.go:35.2,35.21 1 0
HW1/internal/storage/order/storage.go:38.63,41.16 3 0
HW1/internal/storage/order/storage.go:41.16,43.3 1 0
HW1/internal/storage/order/storage.go:45.2,46.24 2 0
HW1/internal/storage/order/storage.go:46.24,48.3 1 0
HW1/internal/storage/order/storage.go:50.2,51.16 2 0
HW1/internal/storage/order/storage.go:51.16,53.3 1 0
HW1/internal/storage/order/storage.go:55.2,55.20 1 0
HW1/internal/storage/order/storage.go:58.49,60.2 1 0
HW1/internal/storage/order/storage.go:62.56,64.16 2 0
HW1/internal/storage/order/storage.go:64.16,66.3 1 0
HW1/internal/storage/order/storage.go:68.2,68.28 1 0
HW1/internal/storage/order/storage.go:68.28,69.37 1 0
HW1/internal/storage/order/storage.go:69.37,71.4 1 0
HW1/internal/storage/order/storage.go:74.2,87.16 4 0
HW1/internal/storage/order/storage.go:87.16,89.3 1 0
HW1/internal/storage/order/storage.go:90.2,90.12 1 0
HW1/internal/storage/order/storage.go:93.42,95.16 2 0
HW1/internal/storage/order/storage.go:95.16,97.3 1 0
HW1/internal/storage/order/storage.go:99.2,100.16 2 0
HW1/internal/storage/order/storage.go:100.16,102.3 1 0
HW1/internal/storage/order/storage.go:103.2,103.12 1 0
HW1/internal/storage/order/storage.go:106.40,108.16 2 0
HW1/internal/storage/order/storage.go:108.16,110.3 1 0
HW1/internal/storage/order/storage.go:111.2,111.31 1 0
HW1/internal/storage/order/storage.go:111.31,112.26 1 0
HW1/internal/storage/order/storage.go:112.26,114.4 1 0
HW1/internal/storage/order/storage.go:116.2,117.16 2 0
HW1/internal/storage/order/storage.go:117.16,119.3 1 0
HW1/internal/storage/order/storage.go:120.2,120.12 1 0
HW1/internal/storage/order/storage.go:124.59,126.16 2 0
HW1/internal/storage/order/storage.go:126.16,128.3 1 0
HW1/internal/storage/order/storage.go:129.2,129.31 1 0
HW1/internal/storage/order/storage.go:129.31,130.61 1 0
HW1/internal/storage/order/storage.go:130.61,132.4 1 0
HW1/internal/storage/order/storage.go:134.2,135.16 2 0
HW1/internal/storage/order/storage.go:135.16,137.3 1 0
HW1/internal/storage/order/storage.go:138.2,138.12 1 0
HW1/internal/storage/order/storage.go:141.68,143.16 2 0
HW1/internal/storage/order/storage.go:143.16,145.3 1 0
HW1/internal/storage/order/storage.go:146.2,146.38 1 0
HW1/internal/storage/order/storage.go:146.38,148.9 2 0
HW1/internal/storage/order/storage.go:148.9,151.4 2 0
HW1/internal/storage/order/storage.go:153.2,154.16 2 0
HW1/internal/storage/order/storage.go:154.16,156.3 1 0
HW1/internal/storage/order/storage.go:157.2,157.12 1 0
HW1/internal/storage/db/mocks/databaase.go:34.51,38.2 3 0
HW1/internal/storage/db/mocks/databaase.go:41.49,43.2 1 0
HW1/internal/storage/db/mocks/databaase.go:46.77,51.2 4 0
HW1/internal/storage/db/mocks/databaase.go:54.71,57.2 2 0
HW1/internal/storage/db/mocks/databaase.go:60.99,63.25 3 0
HW1/internal/storage/db/mocks/databaase.go:63.25,65.3 1 0
HW1/internal/storage/db/mocks/databaase.go:66.2,69.19 4 0
HW1/internal/storage/db/mocks/databaase.go:73.79,77.2 3 0
HW1/internal/storage/db/mocks/databaase.go:80.87,83.25 3 0
HW1/internal/storage/db/mocks/databaase.go:83.25,85.3 1 0
HW1/internal/storage/db/mocks/databaase.go:86.2,88.13 3 0
HW1/internal/storage/db/mocks/databaase.go:92.87,96.2 3 0
HW1/internal/storage/db/mocks/databaase.go:99.87,102.25 3 0
HW1/internal/storage/db/mocks/databaase.go:102.25,104.3 1 0
HW1/internal/storage/db/mocks/databaase.go:105.2,107.13 3 0
HW1/internal/storage/db/mocks/databaase.go:111.84,115.2 3 0
HW1/internal/storage/db/mocks/databaase.go:118.63,123.2 4 0
HW1/internal/storage/db/mocks/databaase.go:126.63,129.2 2 0
HW1/internal/storage/db/mocks/databaase.go:132.90,135.25 3 0
HW1/internal/storage/db/mocks/databaase.go:135.25,137.3 1 0
HW1/internal/storage/db/mocks/databaase.go:138.2,140.13 3 0
HW1/internal/storage/db/mocks/databaase.go:144.87,148.2 3 0
HW1/internal/storage/db/mocks/databaase.go:162.55,166.2 3 0
HW1/internal/storage/db/mocks/databaase.go:169.53,171.2 1 0
HW1/internal/storage/db/mocks/databaase.go:174.101,177.25 3 0
HW1/internal/storage/db/mocks/databaase.go:177.25,179.3 1 0
HW1/internal/storage/db/mocks/databaase.go:180.2,183.19 4 0
HW1/internal/storage/db/mocks/databaase.go:187.81,191.2 3 0
HW1/internal/storage/db/mocks/databaase.go:194.89,197.25 3 0
HW1/internal/storage/db/mocks/databaase.go:197.25,199.3 1 0
HW1/internal/storage/db/mocks/databaase.go:200.2,202.13 3 0
HW1/internal/storage/db/mocks/databaase.go:206.89,210.2 3 0
HW1/internal/storage/db/mocks/databaase.go:213.89,216.25 3 0
HW1/internal/storage/db/mocks/databaase.go:216.25,218.3 1 0
HW1/internal/storage/db/mocks/databaase.go:219.2,221.13 3 0
HW1/internal/storage/db/mocks/databaase.go:225.86,229.2 3 0
HW1/internal/storage/db/mocks/databaase.go:232.65,237.2 4 0
HW1/internal/storage/db/mocks/databaase.go:240.65,243.2 2 0
HW1/internal/storage/db/mocks/databaase.go:246.92,249.25 3 0
HW1/internal/storage/db/mocks/databaase.go:249.25,251.3 1 0
HW1/internal/storage/db/mocks/databaase.go:252.2,254.13 3 0
HW1/internal/storage/db/mocks/databaase.go:258.89,262.2 3 0
HW1/internal/storage/db/client.go:11.81,13.16 2 0
HW1/internal/storage/db/client.go:13.16,15.3 1 0
HW1/internal/storage/db/client.go:16.2,16.31 1 0
HW1/internal/storage/db/client.go:19.54,21.2 1 0
HW1/internal/storage/db/database.go:30.51,32.2 1 0
HW1/internal/storage/db/database.go:34.79,37.2 1 0
HW1/internal/storage/db/database.go:39.61,41.2 1 0
HW1/internal/storage/db/database.go:43.104,45.2 1 0
HW1/internal/storage/db/database.go:47.107,49.2 1 0
HW1/internal/storage/db/database.go:51.108,53.2 1 0
HW1/internal/storage/db/database.go:55.97,57.2 1 0
HW1/internal/storage/pvz/storage.go:27.29,29.16 2 1
HW1/internal/storage/pvz/storage.go:29.16,31.3 1 0
HW1/internal/storage/pvz/storage.go:33.2,38.16 3 1
HW1/internal/storage/pvz/storage.go:38.16,40.3 1 0
HW1/internal/storage/pvz/storage.go:42.2,42.21 1 1
HW1/internal/storage/pvz/storage.go:45.61,49.16 3 1
HW1/internal/storage/pvz/storage.go:49.16,51.3 1 0
HW1/internal/storage/pvz/storage.go:53.2,54.24 2 1
HW1/internal/storage/pvz/storage.go:54.24,56.3 1 1
HW1/internal/storage/pvz/storage.go:58.2,59.16 2 0
HW1/internal/storage/pvz/storage.go:59.16,61.3 1 0
HW1/internal/storage/pvz/storage.go:63.2,63.20 1 0
HW1/internal/storage/pvz/storage.go:66.47,73.2 3 1
HW1/internal/storage/pvz/storage.go:75.47,82.29 3 1
HW1/internal/storage/pvz/storage.go:82.29,83.35 1 0
HW1/internal/storage/pvz/storage.go:83.35,85.4 1 0
HW1/internal/storage/pvz/storage.go:89.2,98.16 4 1
HW1/internal/storage/pvz/storage.go:98.16,100.3 1 0
HW1/internal/storage/pvz/storage.go:101.2,101.12 1 1
HW1/internal/storage/pvz/storage.go:104.38,107.16 2 1
HW1/internal/storage/pvz/storage.go:107.16,109.3 1 0
HW1/internal/storage/pvz/storage.go:111.2,112.16 2 1
HW1/internal/storage/pvz/storage.go:112.16,114.3 1 0
HW1/internal/storage/pvz/storage.go:115.2,115.12 1 1
HW1/internal/storage/pvz/storage.go:118.33,120.16 2 0
HW1/internal/storage/pvz/storage.go:120.16,122.3 1 0
HW1/internal/storage/pvz/storage.go:123.2,123.12 1 0
HW1/internal/storage/pvz/storage.go:126.35,130.6 3 0
HW1/internal/storage/pvz/storage.go:130.6,132.14 2 0
HW1/internal/storage/pvz/storage.go:133.23,134.15 1 0
HW1/internal/storage/pvz/storage.go:135.24,137.18 2 0
HW1/internal/storage/pvz/storage.go:137.18,138.15 1 0
HW1/internal/storage/pvz/storage.go:140.4,143.14 4 0
HW1/internal/storage/repository/mocks/repository.go:32.59,36.2 3 0
HW1/internal/storage/repository/mocks/repository.go:39.57,41.2 1 0
HW1/internal/storage/repository/mocks/repository.go:44.84,50.2 5 0
HW1/internal/storage/repository/mocks/repository.go:53.67,56.2 2 0
HW1/internal/storage/repository/mocks/repository.go:59.67,64.2 4 0
HW1/internal/storage/repository/mocks/repository.go:67.69,70.2 2 0
HW1/internal/storage/repository/mocks/repository.go:73.87,79.2 5 0
HW1/internal/storage/repository/mocks/repository.go:82.70,85.2 2 0
HW1/internal/storage/repository/mocks/repository.go:88.88,93.2 4 0
HW1/internal/storage/repository/mocks/repository.go:96.74,99.2 2 0
HW1/internal/storage/db/client.go:11.81,13.16 2 0
HW1/internal/storage/db/client.go:13.16,15.3 1 0
HW1/internal/storage/db/client.go:16.2,16.31 1 0
HW1/internal/storage/db/client.go:19.54,21.2 1 0
HW1/internal/storage/db/database.go:30.51,32.2 1 0
HW1/internal/storage/db/database.go:34.79,37.2 1 0
HW1/internal/storage/db/database.go:39.61,41.2 1 0
HW1/internal/storage/db/database.go:43.104,45.2 1 0
HW1/internal/storage/db/database.go:47.107,49.2 1 0
HW1/internal/storage/db/database.go:51.108,53.2 1 0
HW1/internal/storage/db/database.go:55.97,57.2 1 0
HW1/internal/storage/db/mocks/databaase.go:34.51,38.2 3 0
HW1/internal/storage/db/mocks/databaase.go:41.49,43.2 1 0
HW1/internal/storage/db/mocks/databaase.go:46.77,51.2 4 0
HW1/internal/storage/db/mocks/databaase.go:54.71,57.2 2 0
HW1/internal/storage/db/mocks/databaase.go:60.99,63.25 3 0
HW1/internal/storage/db/mocks/databaase.go:63.25,65.3 1 0
HW1/internal/storage/db/mocks/databaase.go:66.2,69.19 4 0
HW1/internal/storage/db/mocks/databaase.go:73.79,77.2 3 0
HW1/internal/storage/db/mocks/databaase.go:80.87,83.25 3 0
HW1/internal/storage/db/mocks/databaase.go:83.25,85.3 1 0
HW1/internal/storage/db/mocks/databaase.go:86.2,88.13 3 0
HW1/internal/storage/db/mocks/databaase.go:92.87,96.2 3 0
HW1/internal/storage/db/mocks/databaase.go:99.87,102.25 3 0
HW1/internal/storage/db/mocks/databaase.go:102.25,104.3 1 0
HW1/internal/storage/db/mocks/databaase.go:105.2,107.13 3 0
HW1/internal/storage/db/mocks/databaase.go:111.84,115.2 3 0
HW1/internal/storage/db/mocks/databaase.go:118.63,123.2 4 0
HW1/internal/storage/db/mocks/databaase.go:126.63,129.2 2 0
HW1/internal/storage/db/mocks/databaase.go:132.90,135.25 3 0
HW1/internal/storage/db/mocks/databaase.go:135.25,137.3 1 0
HW1/internal/storage/db/mocks/databaase.go:138.2,140.13 3 0
HW1/internal/storage/db/mocks/databaase.go:144.87,148.2 3 0
HW1/internal/storage/db/mocks/databaase.go:162.55,166.2 3 1
HW1/internal/storage/db/mocks/databaase.go:169.53,171.2 1 1
HW1/internal/storage/db/mocks/databaase.go:174.101,177.25 3 1
HW1/internal/storage/db/mocks/databaase.go:177.25,179.3 1 1
HW1/internal/storage/db/mocks/databaase.go:180.2,183.19 4 1
HW1/internal/storage/db/mocks/databaase.go:187.81,191.2 3 1
HW1/internal/storage/db/mocks/databaase.go:194.89,197.25 3 0
HW1/internal/storage/db/mocks/databaase.go:197.25,199.3 1 0
HW1/internal/storage/db/mocks/databaase.go:200.2,202.13 3 0
HW1/internal/storage/db/mocks/databaase.go:206.89,210.2 3 0
HW1/internal/storage/db/mocks/databaase.go:213.89,216.25 3 1
HW1/internal/storage/db/mocks/databaase.go:216.25,218.3 1 1
HW1/internal/storage/db/mocks/databaase.go:219.2,221.13 3 1
HW1/internal/storage/db/mocks/databaase.go:225.86,229.2 3 1
HW1/internal/storage/db/mocks/databaase.go:232.65,237.2 4 0
HW1/internal/storage/db/mocks/databaase.go:240.65,243.2 2 0
HW1/internal/storage/db/mocks/databaase.go:246.92,249.25 3 0
HW1/internal/storage/db/mocks/databaase.go:249.25,251.3 1 0
HW1/internal/storage/db/mocks/databaase.go:252.2,254.13 3 0
HW1/internal/storage/db/mocks/databaase.go:258.89,262.2 3 0
HW1/internal/storage/repository/postgresql/pvz.go:15.45,17.2 1 1
HW1/internal/storage/repository/postgresql/pvz.go:19.80,23.2 3 0
HW1/internal/storage/repository/postgresql/pvz.go:25.83,28.16 3 1
HW1/internal/storage/repository/postgresql/pvz.go:28.16,29.36 1 1
HW1/internal/storage/repository/postgresql/pvz.go:29.36,31.4 1 0
HW1/internal/storage/repository/postgresql/pvz.go:32.3,32.18 1 1
HW1/internal/storage/repository/postgresql/pvz.go:34.2,34.16 1 1
HW1/internal/storage/repository/postgresql/pvz.go:37.84,40.2 2 0
HW1/internal/storage/repository/postgresql/pvz.go:42.63,45.2 2 1
HW1/tests/fixtures/pvz.go:12.24,14.2 1 0
HW1/tests/fixtures/pvz.go:16.46,19.2 2 0
HW1/tests/fixtures/pvz.go:21.50,24.2 2 0
HW1/tests/fixtures/pvz.go:26.52,29.2 2 0
HW1/tests/fixtures/pvz.go:31.52,34.2 2 0
HW1/tests/fixtures/pvz.go:36.42,38.2 1 0
HW1/tests/fixtures/pvz.go:40.41,42.2 1 0
HW1/tests/fixtures/pvz.go:44.42,46.2 1 0
HW1/utils/call/order/call.go:17.42,19.2 1 0
HW1/utils/call/order/call.go:21.23,22.22 1 0
HW1/utils/call/order/call.go:22.22,25.3 2 0
HW1/utils/call/order/call.go:26.2,29.17 3 0
HW1/utils/call/order/call.go:30.16,31.19 1 0
HW1/utils/call/order/call.go:32.16,33.19 1 0
HW1/utils/call/order/call.go:34.15,35.18 1 0
HW1/utils/call/order/call.go:36.14,37.17 1 0
HW1/utils/call/order/call.go:38.22,39.25 1 0
HW1/utils/call/order/call.go:40.20,41.23 1 0
HW1/utils/call/order/call.go:42.14,43.13 1 0
HW1/utils/call/order/call.go:44.10,45.55 1 0
HW1/utils/call/order/call.go:49.39,50.19 1 0
HW1/utils/call/order/call.go:50.19,53.3 2 0
HW1/utils/call/order/call.go:54.2,55.16 2 0
HW1/utils/call/order/call.go:55.16,58.3 2 0
HW1/utils/call/order/call.go:59.2,60.16 2 0
HW1/utils/call/order/call.go:60.16,63.3 2 0
HW1/utils/call/order/call.go:64.2,65.16 2 0
HW1/utils/call/order/call.go:65.16,68.3 2 0
HW1/utils/call/order/call.go:70.2,71.16 2 0
HW1/utils/call/order/call.go:71.16,74.3 2 0
HW1/utils/call/order/call.go:76.2,77.16 2 0
HW1/utils/call/order/call.go:77.16,80.3 2 0
HW1/utils/call/order/call.go:82.2,87.16 5 0
HW1/utils/call/order/call.go:87.16,89.3 1 0
HW1/utils/call/order/call.go:89.8,91.3 1 0
HW1/utils/call/order/call.go:94.39,95.19 1 0
HW1/utils/call/order/call.go:95.19,98.3 2 0
HW1/utils/call/order/call.go:99.2,100.16 2 0
HW1/utils/call/order/call.go:100.16,103.3 2 0
HW1/utils/call/order/call.go:104.2,105.16 2 0
HW1/utils/call/order/call.go:105.16,107.3 1 0
HW1/utils/call/order/call.go:107.8,109.3 1 0
HW1/utils/call/order/call.go:112.38,113.19 1 0
HW1/utils/call/order/call.go:113.19,116.3 2 0
HW1/utils/call/order/call.go:117.2,118.27 2 0
HW1/utils/call/order/call.go:118.27,120.17 2 0
HW1/utils/call/order/call.go:120.17,123.4 2 0
HW1/utils/call/order/call.go:124.3,124.24 1 0
HW1/utils/call/order/call.go:126.2,127.16 2 0
HW1/utils/call/order/call.go:127.16,129.3 1 0
HW1/utils/call/order/call.go:129.8,131.3 1 0
HW1/utils/call/order/call.go:134.37,135.19 1 0
HW1/utils/call/order/call.go:135.19,138.3 2 0
HW1/utils/call/order/call.go:139.2,140.16 2 0
HW1/utils/call/order/call.go:140.16,143.3 2 0
HW1/utils/call/order/call.go:144.2,146.19 3 0
HW1/utils/call/order/call.go:146.19,147.32 1 0
HW1/utils/call/order/call.go:147.32,148.40 1 0
HW1/utils/call/order/call.go:148.40,151.19 3 0
HW1/utils/call/order/call.go:151.19,154.6 2 0
HW1/utils/call/order/call.go:155.10,155.29 1 0
HW1/utils/call/order/call.go:155.29,157.5 1 0
HW1/utils/call/order/call.go:160.2,161.16 2 0
HW1/utils/call/order/call.go:161.16,164.3 2 0
HW1/utils/call/order/call.go:165.2,166.31 2 0
HW1/utils/call/order/call.go:166.31,168.3 1 0
HW1/utils/call/order/call.go:171.45,172.19 1 0
HW1/utils/call/order/call.go:172.19,175.3 2 0
HW1/utils/call/order/call.go:176.2,177.16 2 0
HW1/utils/call/order/call.go:177.16,180.3 2 0
HW1/utils/call/order/call.go:181.2,182.16 2 0
HW1/utils/call/order/call.go:182.16,185.3 2 0
HW1/utils/call/order/call.go:186.2,187.16 2 0
HW1/utils/call/order/call.go:187.16,189.3 1 0
HW1/utils/call/order/call.go:189.8,191.3 1 0
HW1/utils/call/order/call.go:194.43,195.19 1 0
HW1/utils/call/order/call.go:195.19,198.3 2 0
HW1/utils/call/order/call.go:199.2,200.16 2 0
HW1/utils/call/order/call.go:200.16,203.3 2 0
HW1/utils/call/order/call.go:204.2,205.16 2 0
HW1/utils/call/order/call.go:205.16,208.3 2 0
HW1/utils/call/order/call.go:209.2,210.16 2 0
HW1/utils/call/order/call.go:210.16,213.3 2 0
HW1/utils/call/order/call.go:214.2,215.37 2 0
HW1/utils/call/order/call.go:215.37,217.3 1 0
HW1/utils/call/order/call.go:220.24,222.2 1 0
HW1/utils/call/order/call.go:224.18,232.2 7 0
HW1/utils/call/pvz/call.go:17.36,19.2 1 0
HW1/utils/call/pvz/call.go:21.99,22.12 1 0
HW1/utils/call/pvz/call.go:22.12,26.7 3 0
HW1/utils/call/pvz/call.go:26.7,28.18 2 0
HW1/utils/call/pvz/call.go:28.18,30.13 2 0
HW1/utils/call/pvz/call.go:32.4,34.22 3 0
HW1/utils/call/pvz/call.go:34.22,36.13 2 0
HW1/utils/call/pvz/call.go:38.4,39.19 2 0
HW1/utils/call/pvz/call.go:40.18,41.22 1 0
HW1/utils/call/pvz/call.go:41.22,43.14 2 0
HW1/utils/call/pvz/call.go:45.5,45.12 1 0
HW1/utils/call/pvz/call.go:46.34,47.60 1 0
HW1/utils/call/pvz/call.go:48.13,49.68 1 0
HW1/utils/call/pvz/call.go:51.16,52.12 1 0
HW1/utils/call/pvz/call.go:53.34,54.58 1 0
HW1/utils/call/pvz/call.go:55.13,56.66 1 0
HW1/utils/call/pvz/call.go:58.12,59.57 1 0
HW1/utils/call/pvz/call.go:65.75,66.32 1 0
HW1/utils/call/pvz/call.go:66.32,67.20 1 0
HW1/utils/call/pvz/call.go:67.20,70.4 2 0
HW1/utils/call/pvz/call.go:71.3,75.17 5 0
HW1/utils/call/pvz/call.go:75.17,77.4 1 0
HW1/utils/call/pvz/call.go:77.9,79.4 1 0
HW1/utils/call/pvz/call.go:80.3,80.38 1 0
HW1/utils/call/pvz/call.go:84.71,86.22 1 0
HW1/utils/call/pvz/call.go:86.22,88.17 2 0
HW1/utils/call/pvz/call.go:88.17,91.4 2 0
HW1/utils/call/pvz/call.go:92.3,93.32 2 0
HW1/utils/call/pvz/call.go:93.32,95.4 1 0
HW1/utils/call/pvz/call.go:96.3,96.36 1 0
HW1/utils/call/pvz/call.go:100.24,102.2 1 0
HW1/utils/call/pvz/call.go:104.18,108.2 3 0
HW1/tests/posgresql/db.go:18.46,20.16 2 0
HW1/tests/posgresql/db.go:20.16,21.13 1 0
HW1/tests/posgresql/db.go:23.2,23.21 1 0
HW1/tests/posgresql/db.go:26.56,30.2 3 0
HW1/tests/posgresql/db.go:32.27,35.2 0 0
HW1/tests/posgresql/db.go:37.45,40.16 3 0
HW1/tests/posgresql/db.go:40.16,41.13 1 0
HW1/tests/posgresql/db.go:43.2,43.22 1 0
HW1/tests/posgresql/db.go:43.22,44.29 1 0
HW1/tests/posgresql/db.go:47.2,48.16 2 0
HW1/tests/posgresql/db.go:48.16,49.13 1 0
HW1/tests/posgresql/db.go:52.2,53.45 2 0
HW1/tests/posgresql/db.go:53.45,54.13 1 0
